2026-03-16 17:01:48,134 INFO o.a.j.u.JMeterUtils: Setting Locale to en_EN
2026-03-16 17:01:48,148 INFO o.a.j.JMeter: Loading user properties from: C:\Program Files\apache-jmeter-5.6.3\bin\user.properties
2026-03-16 17:01:48,149 INFO o.a.j.JMeter: Loading system properties from: C:\Program Files\apache-jmeter-5.6.3\bin\system.properties
2026-03-16 17:01:48,149 INFO o.a.j.JMeter: Setting JMeter property: duration=300
2026-03-16 17:01:48,155 INFO o.a.j.JMeter: Copyright (c) 1998-2024 The Apache Software Foundation
2026-03-16 17:01:48,156 INFO o.a.j.JMeter: Version 5.6.3
2026-03-16 17:01:48,156 INFO o.a.j.JMeter: java.version=25.0.1
2026-03-16 17:01:48,156 INFO o.a.j.JMeter: java.vm.name=Java HotSpot(TM) 64-Bit Server VM
2026-03-16 17:01:48,156 INFO o.a.j.JMeter: os.name=Windows 11
2026-03-16 17:01:48,156 INFO o.a.j.JMeter: os.arch=amd64
2026-03-16 17:01:48,156 INFO o.a.j.JMeter: os.version=10.0
2026-03-16 17:01:48,156 INFO o.a.j.JMeter: file.encoding=UTF-8
2026-03-16 17:01:48,156 INFO o.a.j.JMeter: java.awt.headless=true
2026-03-16 17:01:48,156 INFO o.a.j.JMeter: Max memory     =1073741824
2026-03-16 17:01:48,156 INFO o.a.j.JMeter: Available Processors =8
2026-03-16 17:01:48,168 INFO o.a.j.JMeter: Default Locale=English (EN)
2026-03-16 17:01:48,169 INFO o.a.j.JMeter: JMeter  Locale=English (EN)
2026-03-16 17:01:48,169 INFO o.a.j.JMeter: JMeterHome=C:\Program Files\apache-jmeter-5.6.3
2026-03-16 17:01:48,169 INFO o.a.j.JMeter: user.dir  =C:\Users\TobAdoba\Downloads\Demo_Blaze_Performance
2026-03-16 17:01:48,169 INFO o.a.j.JMeter: PWD       =C:\Users\TobAdoba\Downloads\Demo_Blaze_Performance
2026-03-16 17:01:48,179 INFO o.a.j.JMeter: IP: 192.168.36.44 Name: AMALITECH-PC-GHA-10636 FullName: AMALITECH-PC-GHA-10636
2026-03-16 17:01:48,188 INFO o.a.j.JMeter: Setting property 'jmeter.reportgenerator.outputdir' to:'C:\Users\TobAdoba\Downloads\Demo_Blaze_Performance\reports\demoblaze_endurance'
2026-03-16 17:01:48,191 INFO o.a.j.s.FileServer: Default base='C:\Users\TobAdoba\Downloads\Demo_Blaze_Performance'
2026-03-16 17:01:48,192 INFO o.a.j.s.FileServer: Set new base='C:\Users\TobAdoba\Downloads\Demo_Blaze_Performance'
2026-03-16 17:01:48,446 INFO o.a.j.s.SaveService: Testplan (JMX) version: 2.2. Testlog (JTL) version: 2.2
2026-03-16 17:01:48,465 INFO o.a.j.s.SaveService: Using SaveService properties version 5.0
2026-03-16 17:01:48,468 INFO o.a.j.s.SaveService: Using SaveService properties file encoding UTF-8
2026-03-16 17:01:48,471 INFO o.a.j.s.SaveService: Loading file: DemoBlaze_PerformanceTest.jmx
2026-03-16 17:01:48,512 INFO o.a.j.p.h.c.CookieManager: Settings: Delete null: true Check: true Allow variable: true Save: false Prefix: COOKIE_
2026-03-16 17:01:48,516 INFO o.a.j.p.h.c.CacheManager: Will only cache the following methods: [GET]
2026-03-16 17:01:48,545 INFO o.a.j.p.h.s.HTTPSamplerBase: Parser for text/html is org.apache.jmeter.protocol.http.parser.LagartoBasedHtmlParser
2026-03-16 17:01:48,546 INFO o.a.j.p.h.s.HTTPSamplerBase: Parser for application/xhtml+xml is org.apache.jmeter.protocol.http.parser.LagartoBasedHtmlParser
2026-03-16 17:01:48,546 INFO o.a.j.p.h.s.HTTPSamplerBase: Parser for application/xml is org.apache.jmeter.protocol.http.parser.LagartoBasedHtmlParser
2026-03-16 17:01:48,546 INFO o.a.j.p.h.s.HTTPSamplerBase: Parser for text/xml is org.apache.jmeter.protocol.http.parser.LagartoBasedHtmlParser
2026-03-16 17:01:48,546 INFO o.a.j.p.h.s.HTTPSamplerBase: Parser for text/vnd.wap.wml is org.apache.jmeter.protocol.http.parser.RegexpHTMLParser
2026-03-16 17:01:48,546 INFO o.a.j.p.h.s.HTTPSamplerBase: Parser for text/css is org.apache.jmeter.protocol.http.parser.CssParser
2026-03-16 17:01:48,600 INFO o.a.j.JMeter: Creating summariser <summary>
2026-03-16 17:01:48,606 INFO o.a.j.r.d.ReportGenerator: ReportGenerator will use for Parsing the separator: ','
2026-03-16 17:01:48,606 INFO o.a.j.r.d.ReportGenerator: Will generate report at end of test from  results file: results/demoblaze_endurance.jtl
2026-03-16 17:01:48,606 INFO o.a.j.r.d.ReportGenerator: Reading report generator properties from: C:\Program Files\apache-jmeter-5.6.3\bin\reportgenerator.properties
2026-03-16 17:01:48,608 INFO o.a.j.r.d.ReportGenerator: Merging with JMeter properties
2026-03-16 17:01:48,612 INFO o.a.j.r.c.ReportGeneratorConfiguration: Property 'jmeter.reportgenerator.temp_dir' not found, using default value 'temp' instead.
2026-03-16 17:01:48,614 INFO o.a.j.r.c.ReportGeneratorConfiguration: Property 'jmeter.reportgenerator.apdex_per_transaction' not found, using default value 'null' instead.
2026-03-16 17:01:48,615 INFO o.a.j.r.c.ReportGeneratorConfiguration: apdex_per_transaction is empty, not APDEX per transaction customization
2026-03-16 17:01:48,615 INFO o.a.j.r.c.ReportGeneratorConfiguration: Property 'jmeter.reportgenerator.sample_filter' not found, using default value 'null' instead.
2026-03-16 17:01:48,615 INFO o.a.j.r.c.ReportGeneratorConfiguration: Property 'jmeter.reportgenerator.report_title' not found, using default value 'null' instead.
2026-03-16 17:01:48,615 INFO o.a.j.r.c.ReportGeneratorConfiguration: Property 'jmeter.reportgenerator.start_date' not found, using default value 'null' instead.
2026-03-16 17:01:48,615 INFO o.a.j.r.c.ReportGeneratorConfiguration: Property 'jmeter.reportgenerator.end_date' not found, using default value 'null' instead.
2026-03-16 17:01:48,615 INFO o.a.j.r.c.ReportGeneratorConfiguration: Property 'jmeter.reportgenerator.date_format' not found, using default value 'null' instead.
2026-03-16 17:01:48,615 INFO o.a.j.r.c.ReportGeneratorConfiguration: Will use date range start date: null, end date: null
2026-03-16 17:01:48,619 INFO o.a.j.r.c.ReportGeneratorConfiguration: Property 'jmeter.reportgenerator.graph.totalTPS.exclude_controllers' not found, using default value 'false' instead.
2026-03-16 17:01:48,620 INFO o.a.j.r.c.ReportGeneratorConfiguration: Property 'jmeter.reportgenerator.graph.activeThreadsOverTime.exclude_controllers' not found, using default value 'false' instead.
2026-03-16 17:01:48,620 INFO o.a.j.r.c.ReportGeneratorConfiguration: Property 'jmeter.reportgenerator.graph.timeVsThreads.exclude_controllers' not found, using default value 'false' instead.
2026-03-16 17:01:48,621 INFO o.a.j.r.c.ReportGeneratorConfiguration: Property 'jmeter.reportgenerator.graph.responseTimeDistribution.exclude_controllers' not found, using default value 'false' instead.
2026-03-16 17:01:48,621 INFO o.a.j.r.c.ReportGeneratorConfiguration: Property 'jmeter.reportgenerator.graph.transactionsPerSecond.exclude_controllers' not found, using default value 'false' instead.
2026-03-16 17:01:48,621 INFO o.a.j.r.c.ReportGeneratorConfiguration: Property 'jmeter.reportgenerator.graph.responseTimePercentiles.exclude_controllers' not found, using default value 'false' instead.
2026-03-16 17:01:48,622 INFO o.a.j.r.c.ReportGeneratorConfiguration: Property 'jmeter.reportgenerator.graph.responseTimePercentilesOverTime.exclude_controllers' not found, using default value 'false' instead.
2026-03-16 17:01:48,622 INFO o.a.j.r.c.ReportGeneratorConfiguration: Property 'jmeter.reportgenerator.graph.responseTimesOverTime.exclude_controllers' not found, using default value 'false' instead.
2026-03-16 17:01:48,622 INFO o.a.j.r.c.ReportGeneratorConfiguration: Property 'jmeter.reportgenerator.graph.connectTimeOverTime.exclude_controllers' not found, using default value 'false' instead.
2026-03-16 17:01:48,622 INFO o.a.j.r.c.ReportGeneratorConfiguration: Property 'jmeter.reportgenerator.graph.latenciesOverTime.exclude_controllers' not found, using default value 'false' instead.
2026-03-16 17:01:48,623 INFO o.a.j.r.c.ReportGeneratorConfiguration: Property 'jmeter.reportgenerator.exporter.json.filters_only_sample_series' not found, using default value 'true' instead.
2026-03-16 17:01:48,624 INFO o.a.j.r.c.ReportGeneratorConfiguration: Property 'jmeter.reportgenerator.exporter.json.series_filter' not found, using default value '' instead.
2026-03-16 17:01:48,624 INFO o.a.j.r.c.ReportGeneratorConfiguration: Property 'jmeter.reportgenerator.exporter.json.show_controllers_only' not found, using default value 'false' instead.
2026-03-16 17:01:48,624 INFO o.a.j.r.c.ReportGeneratorConfiguration: Property 'jmeter.reportgenerator.exporter.html.filters_only_sample_series' not found, using default value 'true' instead.
2026-03-16 17:01:48,624 INFO o.a.j.r.c.ReportGeneratorConfiguration: Property 'jmeter.reportgenerator.exporter.html.series_filter' not found, using default value '' instead.
2026-03-16 17:01:48,625 INFO o.a.j.r.c.ReportGeneratorConfiguration: Property 'jmeter.reportgenerator.exporter.html.show_controllers_only' not found, using default value 'false' instead.
2026-03-16 17:01:48,641 INFO o.a.j.e.StandardJMeterEngine: Running the test!
2026-03-16 17:01:48,642 INFO o.a.j.s.SampleEvent: List of sample_variables: []
2026-03-16 17:01:48,642 INFO o.a.j.s.SampleEvent: List of sample_variables: []
2026-03-16 17:01:48,647 INFO o.a.j.e.u.CompoundVariable: Note: Function class names must contain the string: '.functions.'
2026-03-16 17:01:48,647 INFO o.a.j.e.u.CompoundVariable: Note: Function class names must not contain the string: '.gui.'
2026-03-16 17:01:48,813 INFO o.a.j.JMeter: Running test (1773680508813)
2026-03-16 17:01:48,836 INFO o.a.j.e.StandardJMeterEngine: Starting ThreadGroup: 1 : TG4 - Endurance Test (100 Users / 30 min)
2026-03-16 17:01:48,836 INFO o.a.j.e.StandardJMeterEngine: Starting 100 threads for group TG4 - Endurance Test (100 Users / 30 min).
2026-03-16 17:01:48,836 INFO o.a.j.e.StandardJMeterEngine: Thread will continue on error
2026-03-16 17:01:48,836 INFO o.a.j.t.ThreadGroup: Starting thread group... number=1 threads=100 ramp-up=120 delayedStart=false
2026-03-16 17:01:48,844 INFO o.a.j.t.JMeterThread: Thread started: TG4 - Endurance Test (100 Users / 30 min) 1-1
2026-03-16 17:01:48,903 INFO o.a.j.t.ThreadGroup: Started thread group number 1
2026-03-16 17:01:48,903 INFO o.a.j.e.StandardJMeterEngine: All thread groups have been started
2026-03-16 17:01:50,039 INFO o.a.j.t.JMeterThread: Thread started: TG4 - Endurance Test (100 Users / 30 min) 1-2
2026-03-16 17:01:51,239 INFO o.a.j.t.JMeterThread: Thread started: TG4 - Endurance Test (100 Users / 30 min) 1-3
2026-03-16 17:01:52,439 INFO o.a.j.t.JMeterThread: Thread started: TG4 - Endurance Test (100 Users / 30 min) 1-4
2026-03-16 17:01:53,639 INFO o.a.j.t.JMeterThread: Thread started: TG4 - Endurance Test (100 Users / 30 min) 1-5
2026-03-16 17:01:54,837 INFO o.a.j.t.JMeterThread: Thread started: TG4 - Endurance Test (100 Users / 30 min) 1-6
2026-03-16 17:01:55,175 INFO o.a.j.p.h.s.HTTPHCAbstractImpl: Local host = AMALITECH-PC-GHA-10636
2026-03-16 17:01:55,181 INFO o.a.j.p.h.s.HTTPHC4Impl: HTTP request retry count = 0
2026-03-16 17:01:55,183 INFO o.a.j.s.SampleResult: Note: Sample TimeStamps are START times
2026-03-16 17:01:55,183 INFO o.a.j.s.SampleResult: sampleresult.default.encoding is set to UTF-8
2026-03-16 17:01:55,183 INFO o.a.j.s.SampleResult: sampleresult.useNanoTime=true
2026-03-16 17:01:55,183 INFO o.a.j.s.SampleResult: sampleresult.nanoThreadSleep=5000
2026-03-16 17:01:55,228 INFO o.a.j.p.h.s.h.LazyLayeredConnectionSocketFactory: Setting up HTTPS TrustAll Socket Factory
2026-03-16 17:01:55,234 INFO o.a.j.u.JsseSSLManager: Using default SSL protocol: TLS
2026-03-16 17:01:55,234 INFO o.a.j.u.JsseSSLManager: SSL session context: per-thread
2026-03-16 17:01:55,494 INFO o.a.j.u.SSLManager: JmeterKeyStore Location:  type JKS
2026-03-16 17:01:55,496 INFO o.a.j.u.SSLManager: KeyStore created OK
2026-03-16 17:01:55,497 WARN o.a.j.u.SSLManager: Keystore file not found, loading empty keystore
2026-03-16 17:01:56,037 INFO o.a.j.t.JMeterThread: Thread started: TG4 - Endurance Test (100 Users / 30 min) 1-7
2026-03-16 17:01:57,237 INFO o.a.j.t.JMeterThread: Thread started: TG4 - Endurance Test (100 Users / 30 min) 1-8
2026-03-16 17:01:58,439 INFO o.a.j.t.JMeterThread: Thread started: TG4 - Endurance Test (100 Users / 30 min) 1-9
2026-03-16 17:01:59,637 INFO o.a.j.t.JMeterThread: Thread started: TG4 - Endurance Test (100 Users / 30 min) 1-10
2026-03-16 17:02:00,838 INFO o.a.j.t.JMeterThread: Thread started: TG4 - Endurance Test (100 Users / 30 min) 1-11
2026-03-16 17:02:00,964 INFO o.a.j.r.Summariser: summary +      3 in 00:00:12 =    0.2/s Avg:   744 Min:   534 Max:   982 Err:     0 (0.00%) Active: 11 Started: 11 Finished: 0
2026-03-16 17:02:02,038 INFO o.a.j.t.JMeterThread: Thread started: TG4 - Endurance Test (100 Users / 30 min) 1-12
2026-03-16 17:02:03,237 INFO o.a.j.t.JMeterThread: Thread started: TG4 - Endurance Test (100 Users / 30 min) 1-13
2026-03-16 17:02:04,439 INFO o.a.j.t.JMeterThread: Thread started: TG4 - Endurance Test (100 Users / 30 min) 1-14
2026-03-16 17:02:05,638 INFO o.a.j.t.JMeterThread: Thread started: TG4 - Endurance Test (100 Users / 30 min) 1-15
2026-03-16 17:02:06,838 INFO o.a.j.t.JMeterThread: Thread started: TG4 - Endurance Test (100 Users / 30 min) 1-16
2026-03-16 17:02:08,038 INFO o.a.j.t.JMeterThread: Thread started: TG4 - Endurance Test (100 Users / 30 min) 1-17
2026-03-16 17:02:09,238 INFO o.a.j.t.JMeterThread: Thread started: TG4 - Endurance Test (100 Users / 30 min) 1-18
2026-03-16 17:02:10,438 INFO o.a.j.t.JMeterThread: Thread started: TG4 - Endurance Test (100 Users / 30 min) 1-19
2026-03-16 17:02:11,638 INFO o.a.j.t.JMeterThread: Thread started: TG4 - Endurance Test (100 Users / 30 min) 1-20
2026-03-16 17:02:12,837 INFO o.a.j.t.JMeterThread: Thread started: TG4 - Endurance Test (100 Users / 30 min) 1-21
2026-03-16 17:02:14,037 INFO o.a.j.t.JMeterThread: Thread started: TG4 - Endurance Test (100 Users / 30 min) 1-22
2026-03-16 17:02:15,238 INFO o.a.j.t.JMeterThread: Thread started: TG4 - Endurance Test (100 Users / 30 min) 1-23
2026-03-16 17:02:16,437 INFO o.a.j.t.JMeterThread: Thread started: TG4 - Endurance Test (100 Users / 30 min) 1-24
2026-03-16 17:02:17,637 INFO o.a.j.t.JMeterThread: Thread started: TG4 - Endurance Test (100 Users / 30 min) 1-25
2026-03-16 17:02:18,839 INFO o.a.j.t.JMeterThread: Thread started: TG4 - Endurance Test (100 Users / 30 min) 1-26
2026-03-16 17:02:20,038 INFO o.a.j.t.JMeterThread: Thread started: TG4 - Endurance Test (100 Users / 30 min) 1-27
2026-03-16 17:02:21,237 INFO o.a.j.t.JMeterThread: Thread started: TG4 - Endurance Test (100 Users / 30 min) 1-28
2026-03-16 17:02:22,438 INFO o.a.j.t.JMeterThread: Thread started: TG4 - Endurance Test (100 Users / 30 min) 1-29
2026-03-16 17:02:23,638 INFO o.a.j.t.JMeterThread: Thread started: TG4 - Endurance Test (100 Users / 30 min) 1-30
2026-03-16 17:02:24,838 INFO o.a.j.t.JMeterThread: Thread started: TG4 - Endurance Test (100 Users / 30 min) 1-31
2026-03-16 17:02:26,038 INFO o.a.j.t.JMeterThread: Thread started: TG4 - Endurance Test (100 Users / 30 min) 1-32
2026-03-16 17:02:27,237 INFO o.a.j.t.JMeterThread: Thread started: TG4 - Endurance Test (100 Users / 30 min) 1-33
2026-03-16 17:02:28,437 INFO o.a.j.t.JMeterThread: Thread started: TG4 - Endurance Test (100 Users / 30 min) 1-34
2026-03-16 17:02:29,639 INFO o.a.j.t.JMeterThread: Thread started: TG4 - Endurance Test (100 Users / 30 min) 1-35
2026-03-16 17:02:30,166 INFO o.a.j.r.Summariser: summary +     79 in 00:00:29 =    2.7/s Avg:   451 Min:   137 Max:   848 Err:     0 (0.00%) Active: 35 Started: 35 Finished: 0
2026-03-16 17:02:30,168 INFO o.a.j.r.Summariser: summary =     82 in 00:00:41 =    2.0/s Avg:   462 Min:   137 Max:   982 Err:     0 (0.00%)
2026-03-16 17:02:30,839 INFO o.a.j.t.JMeterThread: Thread started: TG4 - Endurance Test (100 Users / 30 min) 1-36
2026-03-16 17:02:32,041 INFO o.a.j.t.JMeterThread: Thread started: TG4 - Endurance Test (100 Users / 30 min) 1-37
2026-03-16 17:02:33,237 INFO o.a.j.t.JMeterThread: Thread started: TG4 - Endurance Test (100 Users / 30 min) 1-38
2026-03-16 17:02:34,438 INFO o.a.j.t.JMeterThread: Thread started: TG4 - Endurance Test (100 Users / 30 min) 1-39
2026-03-16 17:02:35,638 INFO o.a.j.t.JMeterThread: Thread started: TG4 - Endurance Test (100 Users / 30 min) 1-40
2026-03-16 17:02:36,838 INFO o.a.j.t.JMeterThread: Thread started: TG4 - Endurance Test (100 Users / 30 min) 1-41
2026-03-16 17:02:38,038 INFO o.a.j.t.JMeterThread: Thread started: TG4 - Endurance Test (100 Users / 30 min) 1-42
2026-03-16 17:02:39,239 INFO o.a.j.t.JMeterThread: Thread started: TG4 - Endurance Test (100 Users / 30 min) 1-43
2026-03-16 17:02:40,440 INFO o.a.j.t.JMeterThread: Thread started: TG4 - Endurance Test (100 Users / 30 min) 1-44
2026-03-16 17:02:41,638 INFO o.a.j.t.JMeterThread: Thread started: TG4 - Endurance Test (100 Users / 30 min) 1-45
2026-03-16 17:02:42,837 INFO o.a.j.t.JMeterThread: Thread started: TG4 - Endurance Test (100 Users / 30 min) 1-46
2026-03-16 17:02:44,038 INFO o.a.j.t.JMeterThread: Thread started: TG4 - Endurance Test (100 Users / 30 min) 1-47
2026-03-16 17:02:45,237 INFO o.a.j.t.JMeterThread: Thread started: TG4 - Endurance Test (100 Users / 30 min) 1-48
2026-03-16 17:02:46,438 INFO o.a.j.t.JMeterThread: Thread started: TG4 - Endurance Test (100 Users / 30 min) 1-49
2026-03-16 17:02:47,637 INFO o.a.j.t.JMeterThread: Thread started: TG4 - Endurance Test (100 Users / 30 min) 1-50
2026-03-16 17:02:48,838 INFO o.a.j.t.JMeterThread: Thread started: TG4 - Endurance Test (100 Users / 30 min) 1-51
2026-03-16 17:02:50,038 INFO o.a.j.t.JMeterThread: Thread started: TG4 - Endurance Test (100 Users / 30 min) 1-52
2026-03-16 17:02:51,238 INFO o.a.j.t.JMeterThread: Thread started: TG4 - Endurance Test (100 Users / 30 min) 1-53
2026-03-16 17:02:52,438 INFO o.a.j.t.JMeterThread: Thread started: TG4 - Endurance Test (100 Users / 30 min) 1-54
2026-03-16 17:02:53,638 INFO o.a.j.t.JMeterThread: Thread started: TG4 - Endurance Test (100 Users / 30 min) 1-55
2026-03-16 17:02:54,839 INFO o.a.j.t.JMeterThread: Thread started: TG4 - Endurance Test (100 Users / 30 min) 1-56
2026-03-16 17:02:56,037 INFO o.a.j.t.JMeterThread: Thread started: TG4 - Endurance Test (100 Users / 30 min) 1-57
2026-03-16 17:02:57,236 INFO o.a.j.t.JMeterThread: Thread started: TG4 - Endurance Test (100 Users / 30 min) 1-58
2026-03-16 17:02:58,437 INFO o.a.j.t.JMeterThread: Thread started: TG4 - Endurance Test (100 Users / 30 min) 1-59
2026-03-16 17:02:59,638 INFO o.a.j.t.JMeterThread: Thread started: TG4 - Endurance Test (100 Users / 30 min) 1-60
2026-03-16 17:03:00,137 INFO o.a.j.r.Summariser: summary +    183 in 00:00:30 =    6.1/s Avg:   324 Min:   135 Max:  1193 Err:     0 (0.00%) Active: 60 Started: 60 Finished: 0
2026-03-16 17:03:00,138 INFO o.a.j.r.Summariser: summary =    265 in 00:01:11 =    3.7/s Avg:   366 Min:   135 Max:  1193 Err:     0 (0.00%)
2026-03-16 17:03:00,837 INFO o.a.j.t.JMeterThread: Thread started: TG4 - Endurance Test (100 Users / 30 min) 1-61
2026-03-16 17:03:02,040 INFO o.a.j.t.JMeterThread: Thread started: TG4 - Endurance Test (100 Users / 30 min) 1-62
2026-03-16 17:03:03,238 INFO o.a.j.t.JMeterThread: Thread started: TG4 - Endurance Test (100 Users / 30 min) 1-63
2026-03-16 17:03:04,437 INFO o.a.j.t.JMeterThread: Thread started: TG4 - Endurance Test (100 Users / 30 min) 1-64
2026-03-16 17:03:05,637 INFO o.a.j.t.JMeterThread: Thread started: TG4 - Endurance Test (100 Users / 30 min) 1-65
2026-03-16 17:03:06,837 INFO o.a.j.t.JMeterThread: Thread started: TG4 - Endurance Test (100 Users / 30 min) 1-66
2026-03-16 17:03:08,038 INFO o.a.j.t.JMeterThread: Thread started: TG4 - Endurance Test (100 Users / 30 min) 1-67
2026-03-16 17:03:09,238 INFO o.a.j.t.JMeterThread: Thread started: TG4 - Endurance Test (100 Users / 30 min) 1-68
2026-03-16 17:03:10,438 INFO o.a.j.t.JMeterThread: Thread started: TG4 - Endurance Test (100 Users / 30 min) 1-69
2026-03-16 17:03:11,637 INFO o.a.j.t.JMeterThread: Thread started: TG4 - Endurance Test (100 Users / 30 min) 1-70
2026-03-16 17:03:12,838 INFO o.a.j.t.JMeterThread: Thread started: TG4 - Endurance Test (100 Users / 30 min) 1-71
2026-03-16 17:03:14,037 INFO o.a.j.t.JMeterThread: Thread started: TG4 - Endurance Test (100 Users / 30 min) 1-72
2026-03-16 17:03:15,239 INFO o.a.j.t.JMeterThread: Thread started: TG4 - Endurance Test (100 Users / 30 min) 1-73
2026-03-16 17:03:16,438 INFO o.a.j.t.JMeterThread: Thread started: TG4 - Endurance Test (100 Users / 30 min) 1-74
2026-03-16 17:03:17,638 INFO o.a.j.t.JMeterThread: Thread started: TG4 - Endurance Test (100 Users / 30 min) 1-75
2026-03-16 17:03:18,837 INFO o.a.j.t.JMeterThread: Thread started: TG4 - Endurance Test (100 Users / 30 min) 1-76
2026-03-16 17:03:20,037 INFO o.a.j.t.JMeterThread: Thread started: TG4 - Endurance Test (100 Users / 30 min) 1-77
2026-03-16 17:03:21,238 INFO o.a.j.t.JMeterThread: Thread started: TG4 - Endurance Test (100 Users / 30 min) 1-78
2026-03-16 17:03:22,438 INFO o.a.j.t.JMeterThread: Thread started: TG4 - Endurance Test (100 Users / 30 min) 1-79
2026-03-16 17:03:23,638 INFO o.a.j.t.JMeterThread: Thread started: TG4 - Endurance Test (100 Users / 30 min) 1-80
2026-03-16 17:03:24,837 INFO o.a.j.t.JMeterThread: Thread started: TG4 - Endurance Test (100 Users / 30 min) 1-81
2026-03-16 17:03:26,038 INFO o.a.j.t.JMeterThread: Thread started: TG4 - Endurance Test (100 Users / 30 min) 1-82
2026-03-16 17:03:27,237 INFO o.a.j.t.JMeterThread: Thread started: TG4 - Endurance Test (100 Users / 30 min) 1-83
2026-03-16 17:03:28,449 INFO o.a.j.t.JMeterThread: Thread started: TG4 - Endurance Test (100 Users / 30 min) 1-84
2026-03-16 17:03:29,637 INFO o.a.j.t.JMeterThread: Thread started: TG4 - Endurance Test (100 Users / 30 min) 1-85
2026-03-16 17:03:30,147 INFO o.a.j.r.Summariser: summary +    280 in 00:00:30 =    9.3/s Avg:   310 Min:   135 Max:  1026 Err:     0 (0.00%) Active: 85 Started: 85 Finished: 0
2026-03-16 17:03:30,148 INFO o.a.j.r.Summariser: summary =    545 in 00:01:41 =    5.4/s Avg:   337 Min:   135 Max:  1193 Err:     0 (0.00%)
2026-03-16 17:03:30,836 INFO o.a.j.t.JMeterThread: Thread started: TG4 - Endurance Test (100 Users / 30 min) 1-86
2026-03-16 17:03:32,037 INFO o.a.j.t.JMeterThread: Thread started: TG4 - Endurance Test (100 Users / 30 min) 1-87
2026-03-16 17:03:33,237 INFO o.a.j.t.JMeterThread: Thread started: TG4 - Endurance Test (100 Users / 30 min) 1-88
2026-03-16 17:03:34,436 INFO o.a.j.t.JMeterThread: Thread started: TG4 - Endurance Test (100 Users / 30 min) 1-89
2026-03-16 17:03:35,638 INFO o.a.j.t.JMeterThread: Thread started: TG4 - Endurance Test (100 Users / 30 min) 1-90
2026-03-16 17:03:36,836 INFO o.a.j.t.JMeterThread: Thread started: TG4 - Endurance Test (100 Users / 30 min) 1-91
2026-03-16 17:03:38,038 INFO o.a.j.t.JMeterThread: Thread started: TG4 - Endurance Test (100 Users / 30 min) 1-92
2026-03-16 17:03:39,238 INFO o.a.j.t.JMeterThread: Thread started: TG4 - Endurance Test (100 Users / 30 min) 1-93
2026-03-16 17:03:40,437 INFO o.a.j.t.JMeterThread: Thread started: TG4 - Endurance Test (100 Users / 30 min) 1-94
2026-03-16 17:03:41,638 INFO o.a.j.t.JMeterThread: Thread started: TG4 - Endurance Test (100 Users / 30 min) 1-95
2026-03-16 17:03:42,838 INFO o.a.j.t.JMeterThread: Thread started: TG4 - Endurance Test (100 Users / 30 min) 1-96
2026-03-16 17:03:44,037 INFO o.a.j.t.JMeterThread: Thread started: TG4 - Endurance Test (100 Users / 30 min) 1-97
2026-03-16 17:03:45,238 INFO o.a.j.t.JMeterThread: Thread started: TG4 - Endurance Test (100 Users / 30 min) 1-98
2026-03-16 17:03:46,437 INFO o.a.j.t.JMeterThread: Thread started: TG4 - Endurance Test (100 Users / 30 min) 1-99
2026-03-16 17:03:47,639 INFO o.a.j.t.JMeterThread: Thread started: TG4 - Endurance Test (100 Users / 30 min) 1-100
2026-03-16 17:04:00,062 INFO o.a.j.r.Summariser: summary +    392 in 00:00:30 =   13.1/s Avg:   296 Min:   135 Max:   862 Err:     0 (0.00%) Active: 100 Started: 100 Finished: 0
2026-03-16 17:04:00,062 INFO o.a.j.r.Summariser: summary =    937 in 00:02:11 =    7.1/s Avg:   320 Min:   135 Max:  1193 Err:     0 (0.00%)
2026-03-16 17:04:30,101 INFO o.a.j.r.Summariser: summary +    408 in 00:00:30 =   13.6/s Avg:   268 Min:   135 Max:   881 Err:     0 (0.00%) Active: 100 Started: 100 Finished: 0
2026-03-16 17:04:30,102 INFO o.a.j.r.Summariser: summary =   1345 in 00:02:41 =    8.3/s Avg:   304 Min:   135 Max:  1193 Err:     0 (0.00%)
2026-03-16 17:05:00,123 INFO o.a.j.r.Summariser: summary +    412 in 00:00:30 =   13.7/s Avg:   286 Min:   134 Max:   861 Err:     0 (0.00%) Active: 100 Started: 100 Finished: 0
2026-03-16 17:05:00,123 INFO o.a.j.r.Summariser: summary =   1757 in 00:03:11 =    9.2/s Avg:   300 Min:   134 Max:  1193 Err:     0 (0.00%)
2026-03-16 17:05:30,173 INFO o.a.j.r.Summariser: summary +    411 in 00:00:30 =   13.7/s Avg:   280 Min:   134 Max:   957 Err:     0 (0.00%) Active: 100 Started: 100 Finished: 0
2026-03-16 17:05:30,174 INFO o.a.j.r.Summariser: summary =   2168 in 00:03:41 =    9.8/s Avg:   296 Min:   134 Max:  1193 Err:     0 (0.00%)
2026-03-16 17:06:00,103 INFO o.a.j.r.Summariser: summary +    406 in 00:00:30 =   13.6/s Avg:   293 Min:   135 Max:  1248 Err:     0 (0.00%) Active: 100 Started: 100 Finished: 0
2026-03-16 17:06:00,104 INFO o.a.j.r.Summariser: summary =   2574 in 00:04:11 =   10.2/s Avg:   296 Min:   134 Max:  1248 Err:     0 (0.00%)
2026-03-16 17:06:30,004 INFO o.a.j.r.Summariser: summary +    410 in 00:00:30 =   13.7/s Avg:   275 Min:   134 Max:  1311 Err:     0 (0.00%) Active: 100 Started: 100 Finished: 0
2026-03-16 17:06:30,005 INFO o.a.j.r.Summariser: summary =   2984 in 00:04:41 =   10.6/s Avg:   293 Min:   134 Max:  1311 Err:     0 (0.00%)
2026-03-16 17:07:00,051 INFO o.a.j.r.Summariser: summary +    416 in 00:00:30 =   13.8/s Avg:   302 Min:   133 Max:  1387 Err:     0 (0.00%) Active: 100 Started: 100 Finished: 0
2026-03-16 17:07:00,051 INFO o.a.j.r.Summariser: summary =   3400 in 00:05:11 =   10.9/s Avg:   294 Min:   133 Max:  1387 Err:     0 (0.00%)
2026-03-16 17:07:30,155 INFO o.a.j.r.Summariser: summary +    412 in 00:00:30 =   13.7/s Avg:   278 Min:   131 Max:   766 Err:     0 (0.00%) Active: 100 Started: 100 Finished: 0
2026-03-16 17:07:30,155 INFO o.a.j.r.Summariser: summary =   3812 in 00:05:41 =   11.2/s Avg:   292 Min:   131 Max:  1387 Err:     0 (0.00%)
2026-03-16 17:08:00,404 INFO o.a.j.r.Summariser: summary +    408 in 00:00:30 =   13.5/s Avg:   274 Min:   127 Max:  1102 Err:     0 (0.00%) Active: 100 Started: 100 Finished: 0
2026-03-16 17:08:00,405 INFO o.a.j.r.Summariser: summary =   4220 in 00:06:12 =   11.4/s Avg:   290 Min:   127 Max:  1387 Err:     0 (0.00%)
2026-03-16 17:08:30,119 INFO o.a.j.r.Summariser: summary +    411 in 00:00:30 =   13.8/s Avg:   266 Min:   122 Max:   772 Err:     0 (0.00%) Active: 100 Started: 100 Finished: 0
2026-03-16 17:08:30,120 INFO o.a.j.r.Summariser: summary =   4631 in 00:06:41 =   11.5/s Avg:   288 Min:   122 Max:  1387 Err:     0 (0.00%)
2026-03-16 17:09:00,092 INFO o.a.j.r.Summariser: summary +    420 in 00:00:30 =   14.0/s Avg:   252 Min:   121 Max:   711 Err:     0 (0.00%) Active: 100 Started: 100 Finished: 0
2026-03-16 17:09:00,093 INFO o.a.j.r.Summariser: summary =   5051 in 00:07:11 =   11.7/s Avg:   285 Min:   121 Max:  1387 Err:     0 (0.00%)
2026-03-16 17:09:30,107 INFO o.a.j.r.Summariser: summary +    408 in 00:00:30 =   13.6/s Avg:   259 Min:   120 Max:   658 Err:     0 (0.00%) Active: 100 Started: 100 Finished: 0
2026-03-16 17:09:30,109 INFO o.a.j.r.Summariser: summary =   5459 in 00:07:41 =   11.8/s Avg:   283 Min:   120 Max:  1387 Err:     0 (0.00%)
2026-03-16 17:10:00,006 INFO o.a.j.r.Summariser: summary +    401 in 00:00:30 =   13.4/s Avg:   250 Min:   123 Max:   630 Err:     0 (0.00%) Active: 100 Started: 100 Finished: 0
2026-03-16 17:10:00,006 INFO o.a.j.r.Summariser: summary =   5860 in 00:08:11 =   11.9/s Avg:   281 Min:   120 Max:  1387 Err:     0 (0.00%)
2026-03-16 17:10:30,064 INFO o.a.j.r.Summariser: summary +    422 in 00:00:30 =   14.0/s Avg:   253 Min:   123 Max:   656 Err:     0 (0.00%) Active: 100 Started: 100 Finished: 0
2026-03-16 17:10:30,065 INFO o.a.j.r.Summariser: summary =   6282 in 00:08:41 =   12.1/s Avg:   279 Min:   120 Max:  1387 Err:     0 (0.00%)
2026-03-16 17:11:00,065 INFO o.a.j.r.Summariser: summary +    410 in 00:00:30 =   13.7/s Avg:   249 Min:   124 Max:   617 Err:     0 (0.00%) Active: 100 Started: 100 Finished: 0
2026-03-16 17:11:00,066 INFO o.a.j.r.Summariser: summary =   6692 in 00:09:11 =   12.1/s Avg:   277 Min:   120 Max:  1387 Err:     0 (0.00%)
2026-03-16 17:11:30,034 INFO o.a.j.r.Summariser: summary +    418 in 00:00:30 =   13.9/s Avg:   253 Min:   122 Max:   617 Err:     0 (0.00%) Active: 100 Started: 100 Finished: 0
2026-03-16 17:11:30,035 INFO o.a.j.r.Summariser: summary =   7110 in 00:09:41 =   12.2/s Avg:   276 Min:   120 Max:  1387 Err:     0 (0.00%)
2026-03-16 17:12:00,049 INFO o.a.j.r.Summariser: summary +    407 in 00:00:30 =   13.6/s Avg:   250 Min:   120 Max:   624 Err:     0 (0.00%) Active: 100 Started: 100 Finished: 0
2026-03-16 17:12:00,049 INFO o.a.j.r.Summariser: summary =   7517 in 00:10:11 =   12.3/s Avg:   274 Min:   120 Max:  1387 Err:     0 (0.00%)
2026-03-16 17:12:30,089 INFO o.a.j.r.Summariser: summary +    410 in 00:00:30 =   13.6/s Avg:   258 Min:   124 Max:   602 Err:     0 (0.00%) Active: 100 Started: 100 Finished: 0
2026-03-16 17:12:30,091 INFO o.a.j.r.Summariser: summary =   7927 in 00:10:41 =   12.4/s Avg:   274 Min:   120 Max:  1387 Err:     0 (0.00%)
2026-03-16 17:13:00,240 INFO o.a.j.r.Summariser: summary +    418 in 00:00:30 =   13.9/s Avg:   247 Min:   121 Max:   955 Err:     0 (0.00%) Active: 100 Started: 100 Finished: 0
2026-03-16 17:13:00,240 INFO o.a.j.r.Summariser: summary =   8345 in 00:11:11 =   12.4/s Avg:   272 Min:   120 Max:  1387 Err:     0 (0.00%)
2026-03-16 17:13:30,163 INFO o.a.j.r.Summariser: summary +    402 in 00:00:30 =   13.4/s Avg:   256 Min:   124 Max:   814 Err:     0 (0.00%) Active: 100 Started: 100 Finished: 0
2026-03-16 17:13:30,164 INFO o.a.j.r.Summariser: summary =   8747 in 00:11:41 =   12.5/s Avg:   272 Min:   120 Max:  1387 Err:     0 (0.00%)
2026-03-16 17:14:00,075 INFO o.a.j.r.Summariser: summary +    413 in 00:00:30 =   13.8/s Avg:   254 Min:   124 Max:   623 Err:     0 (0.00%) Active: 100 Started: 100 Finished: 0
2026-03-16 17:14:00,076 INFO o.a.j.r.Summariser: summary =   9160 in 00:12:11 =   12.5/s Avg:   271 Min:   120 Max:  1387 Err:     0 (0.00%)
2026-03-16 17:14:30,016 INFO o.a.j.r.Summariser: summary +    414 in 00:00:30 =   13.8/s Avg:   247 Min:   123 Max:   642 Err:     0 (0.00%) Active: 100 Started: 100 Finished: 0
2026-03-16 17:14:30,018 INFO o.a.j.r.Summariser: summary =   9574 in 00:12:41 =   12.6/s Avg:   270 Min:   120 Max:  1387 Err:     0 (0.00%)
2026-03-16 17:15:00,040 INFO o.a.j.r.Summariser: summary +    407 in 00:00:30 =   13.6/s Avg:   260 Min:   125 Max:   653 Err:     0 (0.00%) Active: 100 Started: 100 Finished: 0
2026-03-16 17:15:00,041 INFO o.a.j.r.Summariser: summary =   9981 in 00:13:11 =   12.6/s Avg:   269 Min:   120 Max:  1387 Err:     0 (0.00%)
2026-03-16 17:15:30,010 INFO o.a.j.r.Summariser: summary +    415 in 00:00:30 =   13.8/s Avg:   245 Min:   124 Max:   850 Err:     0 (0.00%) Active: 100 Started: 100 Finished: 0
2026-03-16 17:15:30,011 INFO o.a.j.r.Summariser: summary =  10396 in 00:13:41 =   12.7/s Avg:   268 Min:   120 Max:  1387 Err:     0 (0.00%)
2026-03-16 17:16:00,147 INFO o.a.j.r.Summariser: summary +    422 in 00:00:30 =   14.0/s Avg:   262 Min:   123 Max:   740 Err:     0 (0.00%) Active: 100 Started: 100 Finished: 0
2026-03-16 17:16:00,148 INFO o.a.j.r.Summariser: summary =  10818 in 00:14:11 =   12.7/s Avg:   268 Min:   120 Max:  1387 Err:     0 (0.00%)
2026-03-16 17:16:30,047 INFO o.a.j.r.Summariser: summary +    403 in 00:00:30 =   13.5/s Avg:   264 Min:   123 Max:   815 Err:     0 (0.00%) Active: 100 Started: 100 Finished: 0
2026-03-16 17:16:30,048 INFO o.a.j.r.Summariser: summary =  11221 in 00:14:41 =   12.7/s Avg:   268 Min:   120 Max:  1387 Err:     0 (0.00%)
2026-03-16 17:17:00,110 INFO o.a.j.r.Summariser: summary +    412 in 00:00:30 =   13.7/s Avg:   253 Min:   124 Max:   682 Err:     0 (0.00%) Active: 100 Started: 100 Finished: 0
2026-03-16 17:17:00,111 INFO o.a.j.r.Summariser: summary =  11633 in 00:15:11 =   12.8/s Avg:   267 Min:   120 Max:  1387 Err:     0 (0.00%)
2026-03-16 17:17:30,034 INFO o.a.j.r.Summariser: summary +    417 in 00:00:30 =   13.9/s Avg:   260 Min:   124 Max:   719 Err:     0 (0.00%) Active: 100 Started: 100 Finished: 0
2026-03-16 17:17:30,034 INFO o.a.j.r.Summariser: summary =  12050 in 00:15:41 =   12.8/s Avg:   267 Min:   120 Max:  1387 Err:     0 (0.00%)
2026-03-16 17:18:00,080 INFO o.a.j.r.Summariser: summary +    420 in 00:00:30 =   14.0/s Avg:   257 Min:   124 Max:   643 Err:     0 (0.00%) Active: 100 Started: 100 Finished: 0
2026-03-16 17:18:00,080 INFO o.a.j.r.Summariser: summary =  12470 in 00:16:11 =   12.8/s Avg:   267 Min:   120 Max:  1387 Err:     0 (0.00%)
2026-03-16 17:18:30,186 INFO o.a.j.r.Summariser: summary +    407 in 00:00:30 =   13.5/s Avg:   285 Min:   126 Max:  1641 Err:     0 (0.00%) Active: 100 Started: 100 Finished: 0
2026-03-16 17:18:30,189 INFO o.a.j.r.Summariser: summary =  12877 in 00:16:41 =   12.9/s Avg:   267 Min:   120 Max:  1641 Err:     0 (0.00%)
2026-03-16 17:19:00,106 INFO o.a.j.r.Summariser: summary +    415 in 00:00:30 =   13.9/s Avg:   255 Min:   123 Max:   960 Err:     0 (0.00%) Active: 100 Started: 100 Finished: 0
2026-03-16 17:19:00,106 INFO o.a.j.r.Summariser: summary =  13292 in 00:17:11 =   12.9/s Avg:   267 Min:   120 Max:  1641 Err:     0 (0.00%)
2026-03-16 17:19:30,110 INFO o.a.j.r.Summariser: summary +    421 in 00:00:30 =   14.0/s Avg:   256 Min:   123 Max:   622 Err:     0 (0.00%) Active: 100 Started: 100 Finished: 0
2026-03-16 17:19:30,111 INFO o.a.j.r.Summariser: summary =  13713 in 00:17:41 =   12.9/s Avg:   267 Min:   120 Max:  1641 Err:     0 (0.00%)
2026-03-16 17:20:00,008 INFO o.a.j.r.Summariser: summary +    410 in 00:00:30 =   13.7/s Avg:   269 Min:   124 Max:  1632 Err:     0 (0.00%) Active: 100 Started: 100 Finished: 0
2026-03-16 17:20:00,008 INFO o.a.j.r.Summariser: summary =  14123 in 00:18:11 =   12.9/s Avg:   267 Min:   120 Max:  1641 Err:     0 (0.00%)
2026-03-16 17:20:30,104 INFO o.a.j.r.Summariser: summary +    412 in 00:00:30 =   13.7/s Avg:   256 Min:   124 Max:   614 Err:     0 (0.00%) Active: 100 Started: 100 Finished: 0
2026-03-16 17:20:30,105 INFO o.a.j.r.Summariser: summary =  14535 in 00:18:41 =   13.0/s Avg:   266 Min:   120 Max:  1641 Err:     0 (0.00%)
2026-03-16 17:21:00,124 INFO o.a.j.r.Summariser: summary +    410 in 00:00:30 =   13.7/s Avg:   247 Min:   123 Max:   697 Err:     0 (0.00%) Active: 100 Started: 100 Finished: 0
2026-03-16 17:21:00,125 INFO o.a.j.r.Summariser: summary =  14945 in 00:19:11 =   13.0/s Avg:   266 Min:   120 Max:  1641 Err:     0 (0.00%)
2026-03-16 17:21:30,038 INFO o.a.j.r.Summariser: summary +    422 in 00:00:30 =   14.1/s Avg:   258 Min:   123 Max:   610 Err:     0 (0.00%) Active: 100 Started: 100 Finished: 0
2026-03-16 17:21:30,038 INFO o.a.j.r.Summariser: summary =  15367 in 00:19:41 =   13.0/s Avg:   266 Min:   120 Max:  1641 Err:     0 (0.00%)
2026-03-16 17:22:00,075 INFO o.a.j.r.Summariser: summary +    416 in 00:00:30 =   13.8/s Avg:   245 Min:   123 Max:   540 Err:     0 (0.00%) Active: 100 Started: 100 Finished: 0
2026-03-16 17:22:00,075 INFO o.a.j.r.Summariser: summary =  15783 in 00:20:11 =   13.0/s Avg:   265 Min:   120 Max:  1641 Err:     0 (0.00%)
2026-03-16 17:22:30,112 INFO o.a.j.r.Summariser: summary +    421 in 00:00:30 =   14.0/s Avg:   248 Min:   122 Max:   616 Err:     0 (0.00%) Active: 100 Started: 100 Finished: 0
2026-03-16 17:22:30,113 INFO o.a.j.r.Summariser: summary =  16204 in 00:20:41 =   13.1/s Avg:   265 Min:   120 Max:  1641 Err:     0 (0.00%)
2026-03-16 17:23:00,064 INFO o.a.j.r.Summariser: summary +    401 in 00:00:30 =   13.4/s Avg:   266 Min:   123 Max:  1370 Err:     0 (0.00%) Active: 100 Started: 100 Finished: 0
2026-03-16 17:23:00,065 INFO o.a.j.r.Summariser: summary =  16605 in 00:21:11 =   13.1/s Avg:   265 Min:   120 Max:  1641 Err:     0 (0.00%)
2026-03-16 17:23:30,016 INFO o.a.j.r.Summariser: summary +    423 in 00:00:30 =   14.1/s Avg:   253 Min:   123 Max:  1063 Err:     0 (0.00%) Active: 100 Started: 100 Finished: 0
2026-03-16 17:23:30,017 INFO o.a.j.r.Summariser: summary =  17028 in 00:21:41 =   13.1/s Avg:   264 Min:   120 Max:  1641 Err:     0 (0.00%)
2026-03-16 17:24:00,081 INFO o.a.j.r.Summariser: summary +    409 in 00:00:30 =   13.6/s Avg:   261 Min:   123 Max:   643 Err:     0 (0.00%) Active: 100 Started: 100 Finished: 0
2026-03-16 17:24:00,082 INFO o.a.j.r.Summariser: summary =  17437 in 00:22:11 =   13.1/s Avg:   264 Min:   120 Max:  1641 Err:     0 (0.00%)
2026-03-16 17:24:30,047 INFO o.a.j.r.Summariser: summary +    414 in 00:00:30 =   13.8/s Avg:   246 Min:   120 Max:   645 Err:     0 (0.00%) Active: 100 Started: 100 Finished: 0
2026-03-16 17:24:30,047 INFO o.a.j.r.Summariser: summary =  17851 in 00:22:41 =   13.1/s Avg:   264 Min:   120 Max:  1641 Err:     0 (0.00%)
2026-03-16 17:25:00,035 INFO o.a.j.r.Summariser: summary +    416 in 00:00:30 =   13.9/s Avg:   251 Min:   121 Max:   699 Err:     0 (0.00%) Active: 100 Started: 100 Finished: 0
2026-03-16 17:25:00,035 INFO o.a.j.r.Summariser: summary =  18267 in 00:23:11 =   13.1/s Avg:   264 Min:   120 Max:  1641 Err:     0 (0.00%)
2026-03-16 17:25:30,160 INFO o.a.j.r.Summariser: summary +    414 in 00:00:30 =   13.7/s Avg:   253 Min:   125 Max:   833 Err:     0 (0.00%) Active: 100 Started: 100 Finished: 0
2026-03-16 17:25:30,160 INFO o.a.j.r.Summariser: summary =  18681 in 00:23:41 =   13.1/s Avg:   263 Min:   120 Max:  1641 Err:     0 (0.00%)
2026-03-16 17:26:00,076 INFO o.a.j.r.Summariser: summary +    413 in 00:00:30 =   13.8/s Avg:   257 Min:   127 Max:   658 Err:     0 (0.00%) Active: 100 Started: 100 Finished: 0
2026-03-16 17:26:00,076 INFO o.a.j.r.Summariser: summary =  19094 in 00:24:11 =   13.2/s Avg:   263 Min:   120 Max:  1641 Err:     0 (0.00%)
2026-03-16 17:26:30,037 INFO o.a.j.r.Summariser: summary +    415 in 00:00:30 =   13.9/s Avg:   279 Min:   124 Max:  1554 Err:     0 (0.00%) Active: 100 Started: 100 Finished: 0
2026-03-16 17:26:30,037 INFO o.a.j.r.Summariser: summary =  19509 in 00:24:41 =   13.2/s Avg:   264 Min:   120 Max:  1641 Err:     0 (0.00%)
2026-03-16 17:27:00,067 INFO o.a.j.r.Summariser: summary +    409 in 00:00:30 =   13.6/s Avg:   287 Min:   124 Max:  2689 Err:     2 (0.49%) Active: 100 Started: 100 Finished: 0
2026-03-16 17:27:00,068 INFO o.a.j.r.Summariser: summary =  19918 in 00:25:11 =   13.2/s Avg:   264 Min:   120 Max:  2689 Err:     2 (0.01%)
2026-03-16 17:27:30,004 INFO o.a.j.r.Summariser: summary +    418 in 00:00:30 =   14.0/s Avg:   257 Min:   122 Max:  1298 Err:     0 (0.00%) Active: 100 Started: 100 Finished: 0
2026-03-16 17:27:30,005 INFO o.a.j.r.Summariser: summary =  20336 in 00:25:41 =   13.2/s Avg:   264 Min:   120 Max:  2689 Err:     2 (0.01%)
2026-03-16 17:28:00,017 INFO o.a.j.r.Summariser: summary +    412 in 00:00:30 =   13.7/s Avg:   248 Min:   124 Max:   619 Err:     0 (0.00%) Active: 100 Started: 100 Finished: 0
2026-03-16 17:28:00,018 INFO o.a.j.r.Summariser: summary =  20748 in 00:26:11 =   13.2/s Avg:   264 Min:   120 Max:  2689 Err:     2 (0.01%)
2026-03-16 17:28:30,108 INFO o.a.j.r.Summariser: summary +    416 in 00:00:30 =   13.8/s Avg:   254 Min:   123 Max:   945 Err:     0 (0.00%) Active: 100 Started: 100 Finished: 0
2026-03-16 17:28:30,109 INFO o.a.j.r.Summariser: summary =  21164 in 00:26:41 =   13.2/s Avg:   263 Min:   120 Max:  2689 Err:     2 (0.01%)
2026-03-16 17:29:00,105 INFO o.a.j.r.Summariser: summary +    415 in 00:00:30 =   13.8/s Avg:   245 Min:   123 Max:   576 Err:     0 (0.00%) Active: 100 Started: 100 Finished: 0
2026-03-16 17:29:00,105 INFO o.a.j.r.Summariser: summary =  21579 in 00:27:11 =   13.2/s Avg:   263 Min:   120 Max:  2689 Err:     2 (0.01%)
2026-03-16 17:29:30,016 INFO o.a.j.r.Summariser: summary +    351 in 00:00:30 =   11.7/s Avg:  1138 Min:   121 Max:  5383 Err:    88 (25.07%) Active: 100 Started: 100 Finished: 0
2026-03-16 17:29:30,016 INFO o.a.j.r.Summariser: summary =  21930 in 00:27:41 =   13.2/s Avg:   277 Min:   120 Max:  5383 Err:    90 (0.41%)
2026-03-16 17:30:00,034 INFO o.a.j.r.Summariser: summary +    280 in 00:00:30 =    9.3/s Avg:  2946 Min:   124 Max: 11190 Err:    92 (32.86%) Active: 100 Started: 100 Finished: 0
2026-03-16 17:30:00,035 INFO o.a.j.r.Summariser: summary =  22210 in 00:28:11 =   13.1/s Avg:   311 Min:   120 Max: 11190 Err:   182 (0.82%)
2026-03-16 17:30:30,024 INFO o.a.j.r.Summariser: summary +    260 in 00:00:30 =    8.7/s Avg:  4127 Min:   124 Max: 13750 Err:    85 (32.69%) Active: 100 Started: 100 Finished: 0
2026-03-16 17:30:30,025 INFO o.a.j.r.Summariser: summary =  22470 in 00:28:41 =   13.1/s Avg:   355 Min:   120 Max: 13750 Err:   267 (1.19%)
2026-03-16 17:31:00,041 INFO o.a.j.r.Summariser: summary +    270 in 00:00:30 =    9.0/s Avg:  4546 Min:   122 Max: 14011 Err:    93 (34.44%) Active: 100 Started: 100 Finished: 0
2026-03-16 17:31:00,042 INFO o.a.j.r.Summariser: summary =  22740 in 00:29:11 =   13.0/s Avg:   405 Min:   120 Max: 14011 Err:   360 (1.58%)
2026-03-16 17:31:30,275 INFO o.a.j.r.Summariser: summary +    263 in 00:00:30 =    8.7/s Avg:  4185 Min:   125 Max: 13766 Err:    85 (32.32%) Active: 100 Started: 100 Finished: 0
2026-03-16 17:31:30,276 INFO o.a.j.r.Summariser: summary =  23003 in 00:29:41 =   12.9/s Avg:   448 Min:   120 Max: 14011 Err:   445 (1.93%)
2026-03-16 17:31:39,842 INFO o.a.j.t.JMeterThread: Thread finished: TG4 - Endurance Test (100 Users / 30 min) 1-71
2026-03-16 17:31:40,034 INFO o.a.j.t.JMeterThread: Thread finished: TG4 - Endurance Test (100 Users / 30 min) 1-36
2026-03-16 17:31:40,119 INFO o.a.j.t.JMeterThread: Thread finished: TG4 - Endurance Test (100 Users / 30 min) 1-63
2026-03-16 17:31:41,293 INFO o.a.j.t.JMeterThread: Thread finished: TG4 - Endurance Test (100 Users / 30 min) 1-48
2026-03-16 17:31:41,496 INFO o.a.j.t.JMeterThread: Thread finished: TG4 - Endurance Test (100 Users / 30 min) 1-88
2026-03-16 17:31:41,756 INFO o.a.j.t.JMeterThread: Thread finished: TG4 - Endurance Test (100 Users / 30 min) 1-78
2026-03-16 17:31:41,818 INFO o.a.j.t.JMeterThread: Thread finished: TG4 - Endurance Test (100 Users / 30 min) 1-68
2026-03-16 17:31:42,229 INFO o.a.j.t.JMeterThread: Thread finished: TG4 - Endurance Test (100 Users / 30 min) 1-10
2026-03-16 17:31:42,234 INFO o.a.j.t.JMeterThread: Thread finished: TG4 - Endurance Test (100 Users / 30 min) 1-46
2026-03-16 17:31:42,427 INFO o.a.j.t.JMeterThread: Thread finished: TG4 - Endurance Test (100 Users / 30 min) 1-33
2026-03-16 17:31:42,515 INFO o.a.j.t.JMeterThread: Thread finished: TG4 - Endurance Test (100 Users / 30 min) 1-41
2026-03-16 17:31:42,557 INFO o.a.j.t.JMeterThread: Thread finished: TG4 - Endurance Test (100 Users / 30 min) 1-17
2026-03-16 17:31:42,705 INFO o.a.j.t.JMeterThread: Thread finished: TG4 - Endurance Test (100 Users / 30 min) 1-20
2026-03-16 17:31:42,793 INFO o.a.j.t.JMeterThread: Thread finished: TG4 - Endurance Test (100 Users / 30 min) 1-43
2026-03-16 17:31:42,855 INFO o.a.j.t.JMeterThread: Thread finished: TG4 - Endurance Test (100 Users / 30 min) 1-87
2026-03-16 17:31:43,036 INFO o.a.j.t.JMeterThread: Thread finished: TG4 - Endurance Test (100 Users / 30 min) 1-9
2026-03-16 17:31:43,182 INFO o.a.j.t.JMeterThread: Thread finished: TG4 - Endurance Test (100 Users / 30 min) 1-94
2026-03-16 17:31:43,631 INFO o.a.j.t.JMeterThread: Thread finished: TG4 - Endurance Test (100 Users / 30 min) 1-99
2026-03-16 17:31:43,647 INFO o.a.j.t.JMeterThread: Thread finished: TG4 - Endurance Test (100 Users / 30 min) 1-73
2026-03-16 17:31:43,770 INFO o.a.j.t.JMeterThread: Thread finished: TG4 - Endurance Test (100 Users / 30 min) 1-50
2026-03-16 17:31:44,099 INFO o.a.j.t.JMeterThread: Thread finished: TG4 - Endurance Test (100 Users / 30 min) 1-30
2026-03-16 17:31:44,197 INFO o.a.j.t.JMeterThread: Thread finished: TG4 - Endurance Test (100 Users / 30 min) 1-7
2026-03-16 17:31:44,273 INFO o.a.j.t.JMeterThread: Thread finished: TG4 - Endurance Test (100 Users / 30 min) 1-14
2026-03-16 17:31:44,805 INFO o.a.j.t.JMeterThread: Thread finished: TG4 - Endurance Test (100 Users / 30 min) 1-64
2026-03-16 17:31:44,928 INFO o.a.j.t.JMeterThread: Thread finished: TG4 - Endurance Test (100 Users / 30 min) 1-27
2026-03-16 17:31:44,935 INFO o.a.j.t.JMeterThread: Thread finished: TG4 - Endurance Test (100 Users / 30 min) 1-82
2026-03-16 17:31:45,049 INFO o.a.j.t.JMeterThread: Thread finished: TG4 - Endurance Test (100 Users / 30 min) 1-70
2026-03-16 17:31:45,185 INFO o.a.j.t.JMeterThread: Thread finished: TG4 - Endurance Test (100 Users / 30 min) 1-69
2026-03-16 17:31:45,197 INFO o.a.j.t.JMeterThread: Thread finished: TG4 - Endurance Test (100 Users / 30 min) 1-31
2026-03-16 17:31:45,208 INFO o.a.j.t.JMeterThread: Thread finished: TG4 - Endurance Test (100 Users / 30 min) 1-11
2026-03-16 17:31:45,208 INFO o.a.j.t.JMeterThread: Thread finished: TG4 - Endurance Test (100 Users / 30 min) 1-35
2026-03-16 17:31:45,263 INFO o.a.j.t.JMeterThread: Thread finished: TG4 - Endurance Test (100 Users / 30 min) 1-28
2026-03-16 17:31:45,447 INFO o.a.j.t.JMeterThread: Thread finished: TG4 - Endurance Test (100 Users / 30 min) 1-72
2026-03-16 17:31:45,574 INFO o.a.j.t.JMeterThread: Thread finished: TG4 - Endurance Test (100 Users / 30 min) 1-80
2026-03-16 17:31:45,759 INFO o.a.j.t.JMeterThread: Thread finished: TG4 - Endurance Test (100 Users / 30 min) 1-26
2026-03-16 17:31:45,826 INFO o.a.j.t.JMeterThread: Thread finished: TG4 - Endurance Test (100 Users / 30 min) 1-42
2026-03-16 17:31:45,844 INFO o.a.j.t.JMeterThread: Thread finished: TG4 - Endurance Test (100 Users / 30 min) 1-6
2026-03-16 17:31:45,960 INFO o.a.j.t.JMeterThread: Thread finished: TG4 - Endurance Test (100 Users / 30 min) 1-56
2026-03-16 17:31:45,981 INFO o.a.j.t.JMeterThread: Thread finished: TG4 - Endurance Test (100 Users / 30 min) 1-3
2026-03-16 17:31:46,025 INFO o.a.j.t.JMeterThread: Thread finished: TG4 - Endurance Test (100 Users / 30 min) 1-51
2026-03-16 17:31:46,393 INFO o.a.j.t.JMeterThread: Thread finished: TG4 - Endurance Test (100 Users / 30 min) 1-12
2026-03-16 17:31:46,477 INFO o.a.j.t.JMeterThread: Thread finished: TG4 - Endurance Test (100 Users / 30 min) 1-15
2026-03-16 17:31:46,721 INFO o.a.j.t.JMeterThread: Thread finished: TG4 - Endurance Test (100 Users / 30 min) 1-74
2026-03-16 17:31:47,041 INFO o.a.j.t.JMeterThread: Thread finished: TG4 - Endurance Test (100 Users / 30 min) 1-5
2026-03-16 17:31:47,133 INFO o.a.j.t.JMeterThread: Thread finished: TG4 - Endurance Test (100 Users / 30 min) 1-2
2026-03-16 17:31:47,151 INFO o.a.j.t.JMeterThread: Thread finished: TG4 - Endurance Test (100 Users / 30 min) 1-58
2026-03-16 17:31:47,194 INFO o.a.j.t.JMeterThread: Thread finished: TG4 - Endurance Test (100 Users / 30 min) 1-32
2026-03-16 17:31:47,323 INFO o.a.j.t.JMeterThread: Thread finished: TG4 - Endurance Test (100 Users / 30 min) 1-19
2026-03-16 17:31:47,323 INFO o.a.j.t.JMeterThread: Thread finished: TG4 - Endurance Test (100 Users / 30 min) 1-55
2026-03-16 17:31:47,324 INFO o.a.j.t.JMeterThread: Thread finished: TG4 - Endurance Test (100 Users / 30 min) 1-67
2026-03-16 17:31:47,525 INFO o.a.j.t.JMeterThread: Thread finished: TG4 - Endurance Test (100 Users / 30 min) 1-24
2026-03-16 17:31:47,526 INFO o.a.j.t.JMeterThread: Thread finished: TG4 - Endurance Test (100 Users / 30 min) 1-90
2026-03-16 17:31:47,724 INFO o.a.j.t.JMeterThread: Thread finished: TG4 - Endurance Test (100 Users / 30 min) 1-16
2026-03-16 17:31:47,770 INFO o.a.j.t.JMeterThread: Thread finished: TG4 - Endurance Test (100 Users / 30 min) 1-83
2026-03-16 17:31:47,987 INFO o.a.j.t.JMeterThread: Thread finished: TG4 - Endurance Test (100 Users / 30 min) 1-100
2026-03-16 17:31:47,987 INFO o.a.j.t.JMeterThread: Thread finished: TG4 - Endurance Test (100 Users / 30 min) 1-21
2026-03-16 17:31:48,121 INFO o.a.j.t.JMeterThread: Thread finished: TG4 - Endurance Test (100 Users / 30 min) 1-65
2026-03-16 17:31:48,357 INFO o.a.j.t.JMeterThread: Thread finished: TG4 - Endurance Test (100 Users / 30 min) 1-96
2026-03-16 17:31:48,720 INFO o.a.j.t.JMeterThread: Thread finished: TG4 - Endurance Test (100 Users / 30 min) 1-54
2026-03-16 17:31:49,164 INFO o.a.j.t.JMeterThread: Stopping because end time detected by thread: TG4 - Endurance Test (100 Users / 30 min) 1-84
2026-03-16 17:31:49,164 INFO o.a.j.t.JMeterThread: Thread finished: TG4 - Endurance Test (100 Users / 30 min) 1-84
2026-03-16 17:31:49,164 INFO o.a.j.t.JMeterThread: Stopping because end time detected by thread: TG4 - Endurance Test (100 Users / 30 min) 1-45
2026-03-16 17:31:49,164 INFO o.a.j.t.JMeterThread: Thread finished: TG4 - Endurance Test (100 Users / 30 min) 1-45
2026-03-16 17:31:49,182 INFO o.a.j.t.JMeterThread: Stopping because end time detected by thread: TG4 - Endurance Test (100 Users / 30 min) 1-18
2026-03-16 17:31:49,182 INFO o.a.j.t.JMeterThread: Thread finished: TG4 - Endurance Test (100 Users / 30 min) 1-18
2026-03-16 17:31:49,369 INFO o.a.j.t.JMeterThread: Stopping because end time detected by thread: TG4 - Endurance Test (100 Users / 30 min) 1-91
2026-03-16 17:31:49,369 INFO o.a.j.t.JMeterThread: Thread finished: TG4 - Endurance Test (100 Users / 30 min) 1-91
2026-03-16 17:31:49,415 INFO o.a.j.t.JMeterThread: Stopping because end time detected by thread: TG4 - Endurance Test (100 Users / 30 min) 1-37
2026-03-16 17:31:49,415 INFO o.a.j.t.JMeterThread: Thread finished: TG4 - Endurance Test (100 Users / 30 min) 1-37
2026-03-16 17:31:49,881 INFO o.a.j.t.JMeterThread: Stopping because end time detected by thread: TG4 - Endurance Test (100 Users / 30 min) 1-29
2026-03-16 17:31:49,881 INFO o.a.j.t.JMeterThread: Thread finished: TG4 - Endurance Test (100 Users / 30 min) 1-29
2026-03-16 17:31:49,999 INFO o.a.j.t.JMeterThread: Stopping because end time detected by thread: TG4 - Endurance Test (100 Users / 30 min) 1-4
2026-03-16 17:31:49,999 INFO o.a.j.t.JMeterThread: Thread finished: TG4 - Endurance Test (100 Users / 30 min) 1-4
2026-03-16 17:31:50,162 INFO o.a.j.t.JMeterThread: Stopping because end time detected by thread: TG4 - Endurance Test (100 Users / 30 min) 1-40
2026-03-16 17:31:50,162 INFO o.a.j.t.JMeterThread: Thread finished: TG4 - Endurance Test (100 Users / 30 min) 1-40
2026-03-16 17:31:50,218 INFO o.a.j.t.JMeterThread: Stopping because end time detected by thread: TG4 - Endurance Test (100 Users / 30 min) 1-89
2026-03-16 17:31:50,218 INFO o.a.j.t.JMeterThread: Thread finished: TG4 - Endurance Test (100 Users / 30 min) 1-89
2026-03-16 17:31:50,798 INFO o.a.j.t.JMeterThread: Stopping because end time detected by thread: TG4 - Endurance Test (100 Users / 30 min) 1-92
2026-03-16 17:31:50,798 INFO o.a.j.t.JMeterThread: Thread finished: TG4 - Endurance Test (100 Users / 30 min) 1-92
2026-03-16 17:31:51,003 INFO o.a.j.t.JMeterThread: Stopping because end time detected by thread: TG4 - Endurance Test (100 Users / 30 min) 1-23
2026-03-16 17:31:51,004 INFO o.a.j.t.JMeterThread: Thread finished: TG4 - Endurance Test (100 Users / 30 min) 1-23
2026-03-16 17:31:51,274 INFO o.a.j.t.JMeterThread: Stopping because end time detected by thread: TG4 - Endurance Test (100 Users / 30 min) 1-59
2026-03-16 17:31:51,274 INFO o.a.j.t.JMeterThread: Thread finished: TG4 - Endurance Test (100 Users / 30 min) 1-59
2026-03-16 17:31:51,612 INFO o.a.j.t.JMeterThread: Stopping because end time detected by thread: TG4 - Endurance Test (100 Users / 30 min) 1-1
2026-03-16 17:31:51,612 INFO o.a.j.t.JMeterThread: Stopping because end time detected by thread: TG4 - Endurance Test (100 Users / 30 min) 1-57
2026-03-16 17:31:51,612 INFO o.a.j.t.JMeterThread: Thread finished: TG4 - Endurance Test (100 Users / 30 min) 1-57
2026-03-16 17:31:51,612 INFO o.a.j.t.JMeterThread: Thread finished: TG4 - Endurance Test (100 Users / 30 min) 1-1
2026-03-16 17:31:51,634 INFO o.a.j.t.JMeterThread: Stopping because end time detected by thread: TG4 - Endurance Test (100 Users / 30 min) 1-61
2026-03-16 17:31:51,634 INFO o.a.j.t.JMeterThread: Thread finished: TG4 - Endurance Test (100 Users / 30 min) 1-61
2026-03-16 17:31:52,024 INFO o.a.j.t.JMeterThread: Stopping because end time detected by thread: TG4 - Endurance Test (100 Users / 30 min) 1-25
2026-03-16 17:31:52,024 INFO o.a.j.t.JMeterThread: Thread finished: TG4 - Endurance Test (100 Users / 30 min) 1-25
2026-03-16 17:31:52,534 INFO o.a.j.t.JMeterThread: Stopping because end time detected by thread: TG4 - Endurance Test (100 Users / 30 min) 1-60
2026-03-16 17:31:52,534 INFO o.a.j.t.JMeterThread: Thread finished: TG4 - Endurance Test (100 Users / 30 min) 1-60
2026-03-16 17:31:52,742 INFO o.a.j.t.JMeterThread: Stopping because end time detected by thread: TG4 - Endurance Test (100 Users / 30 min) 1-47
2026-03-16 17:31:52,742 INFO o.a.j.t.JMeterThread: Thread finished: TG4 - Endurance Test (100 Users / 30 min) 1-47
2026-03-16 17:31:52,768 INFO o.a.j.t.JMeterThread: Stopping because end time detected by thread: TG4 - Endurance Test (100 Users / 30 min) 1-22
2026-03-16 17:31:52,768 INFO o.a.j.t.JMeterThread: Thread finished: TG4 - Endurance Test (100 Users / 30 min) 1-22
2026-03-16 17:31:53,152 INFO o.a.j.t.JMeterThread: Stopping because end time detected by thread: TG4 - Endurance Test (100 Users / 30 min) 1-34
2026-03-16 17:31:53,152 INFO o.a.j.t.JMeterThread: Thread finished: TG4 - Endurance Test (100 Users / 30 min) 1-34
2026-03-16 17:31:53,761 INFO o.a.j.t.JMeterThread: Stopping because end time detected by thread: TG4 - Endurance Test (100 Users / 30 min) 1-62
2026-03-16 17:31:53,761 INFO o.a.j.t.JMeterThread: Thread finished: TG4 - Endurance Test (100 Users / 30 min) 1-62
2026-03-16 17:31:53,787 INFO o.a.j.t.JMeterThread: Stopping because end time detected by thread: TG4 - Endurance Test (100 Users / 30 min) 1-49
2026-03-16 17:31:53,787 INFO o.a.j.t.JMeterThread: Thread finished: TG4 - Endurance Test (100 Users / 30 min) 1-49
2026-03-16 17:31:54,380 INFO o.a.j.t.JMeterThread: Stopping because end time detected by thread: TG4 - Endurance Test (100 Users / 30 min) 1-38
2026-03-16 17:31:54,380 INFO o.a.j.t.JMeterThread: Stopping because end time detected by thread: TG4 - Endurance Test (100 Users / 30 min) 1-66
2026-03-16 17:31:54,380 INFO o.a.j.t.JMeterThread: Thread finished: TG4 - Endurance Test (100 Users / 30 min) 1-66
2026-03-16 17:31:54,380 INFO o.a.j.t.JMeterThread: Thread finished: TG4 - Endurance Test (100 Users / 30 min) 1-38
2026-03-16 17:31:54,477 INFO o.a.j.t.JMeterThread: Stopping because end time detected by thread: TG4 - Endurance Test (100 Users / 30 min) 1-53
2026-03-16 17:31:54,477 INFO o.a.j.t.JMeterThread: Thread finished: TG4 - Endurance Test (100 Users / 30 min) 1-53
2026-03-16 17:31:54,890 INFO o.a.j.t.JMeterThread: Stopping because end time detected by thread: TG4 - Endurance Test (100 Users / 30 min) 1-97
2026-03-16 17:31:54,890 INFO o.a.j.t.JMeterThread: Thread finished: TG4 - Endurance Test (100 Users / 30 min) 1-97
2026-03-16 17:31:55,098 INFO o.a.j.t.JMeterThread: Stopping because end time detected by thread: TG4 - Endurance Test (100 Users / 30 min) 1-93
2026-03-16 17:31:55,098 INFO o.a.j.t.JMeterThread: Thread finished: TG4 - Endurance Test (100 Users / 30 min) 1-93
2026-03-16 17:31:55,475 INFO o.a.j.t.JMeterThread: Stopping because end time detected by thread: TG4 - Endurance Test (100 Users / 30 min) 1-8
2026-03-16 17:31:55,475 INFO o.a.j.t.JMeterThread: Thread finished: TG4 - Endurance Test (100 Users / 30 min) 1-8
2026-03-16 17:31:55,657 INFO o.a.j.t.JMeterThread: Stopping because end time detected by thread: TG4 - Endurance Test (100 Users / 30 min) 1-76
2026-03-16 17:31:55,658 INFO o.a.j.t.JMeterThread: Thread finished: TG4 - Endurance Test (100 Users / 30 min) 1-76
2026-03-16 17:31:56,629 INFO o.a.j.t.JMeterThread: Stopping because end time detected by thread: TG4 - Endurance Test (100 Users / 30 min) 1-98
2026-03-16 17:31:56,629 INFO o.a.j.t.JMeterThread: Thread finished: TG4 - Endurance Test (100 Users / 30 min) 1-98
2026-03-16 17:31:56,730 INFO o.a.j.t.JMeterThread: Stopping because end time detected by thread: TG4 - Endurance Test (100 Users / 30 min) 1-79
2026-03-16 17:31:56,730 INFO o.a.j.t.JMeterThread: Thread finished: TG4 - Endurance Test (100 Users / 30 min) 1-79
2026-03-16 17:31:58,066 INFO o.a.j.t.JMeterThread: Stopping because end time detected by thread: TG4 - Endurance Test (100 Users / 30 min) 1-85
2026-03-16 17:31:58,066 INFO o.a.j.t.JMeterThread: Stopping because end time detected by thread: TG4 - Endurance Test (100 Users / 30 min) 1-77
2026-03-16 17:31:58,066 INFO o.a.j.t.JMeterThread: Thread finished: TG4 - Endurance Test (100 Users / 30 min) 1-85
2026-03-16 17:31:58,066 INFO o.a.j.t.JMeterThread: Thread finished: TG4 - Endurance Test (100 Users / 30 min) 1-77
2026-03-16 17:31:58,271 INFO o.a.j.t.JMeterThread: Stopping because end time detected by thread: TG4 - Endurance Test (100 Users / 30 min) 1-95
2026-03-16 17:31:58,272 INFO o.a.j.t.JMeterThread: Thread finished: TG4 - Endurance Test (100 Users / 30 min) 1-95
2026-03-16 17:31:58,527 INFO o.a.j.t.JMeterThread: Stopping because end time detected by thread: TG4 - Endurance Test (100 Users / 30 min) 1-39
2026-03-16 17:31:58,527 INFO o.a.j.t.JMeterThread: Thread finished: TG4 - Endurance Test (100 Users / 30 min) 1-39
2026-03-16 17:31:58,884 INFO o.a.j.t.JMeterThread: Stopping because end time detected by thread: TG4 - Endurance Test (100 Users / 30 min) 1-75
2026-03-16 17:31:58,884 INFO o.a.j.t.JMeterThread: Thread finished: TG4 - Endurance Test (100 Users / 30 min) 1-75
2026-03-16 17:31:59,168 INFO o.a.j.t.JMeterThread: Stopping because end time detected by thread: TG4 - Endurance Test (100 Users / 30 min) 1-13
2026-03-16 17:31:59,168 INFO o.a.j.t.JMeterThread: Thread finished: TG4 - Endurance Test (100 Users / 30 min) 1-13
2026-03-16 17:31:59,496 INFO o.a.j.t.JMeterThread: Stopping because end time detected by thread: TG4 - Endurance Test (100 Users / 30 min) 1-52
2026-03-16 17:31:59,496 INFO o.a.j.t.JMeterThread: Thread finished: TG4 - Endurance Test (100 Users / 30 min) 1-52
2026-03-16 17:32:00,013 INFO o.a.j.r.Summariser: summary +    205 in 00:00:30 =    6.9/s Avg:  5301 Min:   123 Max: 12408 Err:    90 (43.90%) Active: 3 Started: 100 Finished: 97
2026-03-16 17:32:00,015 INFO o.a.j.r.Summariser: summary =  23208 in 00:30:11 =   12.8/s Avg:   491 Min:   120 Max: 14011 Err:   535 (2.31%)
2026-03-16 17:32:00,016 INFO o.a.j.t.JMeterThread: Stopping because end time detected by thread: TG4 - Endurance Test (100 Users / 30 min) 1-81
2026-03-16 17:32:00,016 INFO o.a.j.t.JMeterThread: Thread finished: TG4 - Endurance Test (100 Users / 30 min) 1-81
2026-03-16 17:32:00,113 INFO o.a.j.t.JMeterThread: Stopping because end time detected by thread: TG4 - Endurance Test (100 Users / 30 min) 1-44
2026-03-16 17:32:00,113 INFO o.a.j.t.JMeterThread: Thread finished: TG4 - Endurance Test (100 Users / 30 min) 1-44
2026-03-16 17:32:00,231 INFO o.a.j.t.JMeterThread: Stopping because end time detected by thread: TG4 - Endurance Test (100 Users / 30 min) 1-86
2026-03-16 17:32:00,231 INFO o.a.j.t.JMeterThread: Thread finished: TG4 - Endurance Test (100 Users / 30 min) 1-86
2026-03-16 17:32:00,232 INFO o.a.j.e.StandardJMeterEngine: Notifying test listeners of end of test
2026-03-16 17:32:00,233 INFO o.a.j.r.Summariser: summary +      2 in 00:00:00 =    9.0/s Avg: 11744 Min: 11742 Max: 11747 Err:     2 (100.00%) Active: 0 Started: 100 Finished: 100
2026-03-16 17:32:00,234 INFO o.a.j.r.Summariser: summary =  23210 in 00:30:11 =   12.8/s Avg:   492 Min:   120 Max: 14011 Err:   537 (2.31%)
2026-03-16 17:32:00,234 INFO o.a.j.JMeter: Generating Dashboard
2026-03-16 17:32:00,235 INFO o.a.j.r.d.ReportGenerator: Flushing result collector before report Generation
2026-03-16 17:32:00,265 INFO o.a.j.r.p.NormalizerSampleConsumer: Using format, 'ms', to parse timeStamp field
2026-03-16 17:32:01,640 INFO o.a.j.r.p.AbstractSampleConsumer: class org.apache.jmeter.report.processor.AggregateConsumer#stopProducing(): beginDate produced 0 samples
2026-03-16 17:32:01,641 INFO o.a.j.r.p.AbstractSampleConsumer: class org.apache.jmeter.report.processor.AggregateConsumer#stopProducing(): endDate produced 0 samples
2026-03-16 17:32:01,642 INFO o.a.j.r.p.AbstractSampleConsumer: class org.apache.jmeter.report.processor.ApdexSummaryConsumer#stopProducing(): apdexSummary produced 0 samples
2026-03-16 17:32:01,642 INFO o.a.j.r.p.AbstractSampleConsumer: class org.apache.jmeter.report.processor.RequestsSummaryConsumer#stopProducing(): requestsSummary produced 0 samples
2026-03-16 17:32:01,667 INFO o.a.j.r.p.AbstractSampleConsumer: class org.apache.jmeter.report.processor.StatisticsSummaryConsumer#stopProducing(): statisticsSummary produced 0 samples
2026-03-16 17:32:01,672 INFO o.a.j.r.p.AbstractSampleConsumer: class org.apache.jmeter.report.processor.Top5ErrorsBySamplerConsumer#stopProducing(): top5ErrorsBySampler produced 0 samples
2026-03-16 17:32:01,674 INFO o.a.j.r.p.AbstractSampleConsumer: class org.apache.jmeter.report.processor.ErrorsSummaryConsumer#stopProducing(): errorsSummary produced 0 samples
2026-03-16 17:32:01,674 INFO o.a.j.r.p.AbstractSampleConsumer: class org.apache.jmeter.report.processor.graph.impl.HitsPerSecondGraphConsumer#stopProducing(): hitsPerSecond produced 0 samples
2026-03-16 17:32:01,990 INFO o.a.j.r.p.AbstractSampleConsumer: class org.apache.jmeter.report.processor.graph.impl.LatencyVSRequestGraphConsumer#stopProducing(): latencyVsRequest produced 0 samples
2026-03-16 17:32:01,993 INFO o.a.j.r.p.AbstractSampleConsumer: class org.apache.jmeter.report.processor.graph.impl.SyntheticResponseTimeDistributionGraphConsumer#stopProducing(): syntheticResponseTimeDistribution produced 0 samples
2026-03-16 17:32:01,994 INFO o.a.j.r.p.AbstractSampleConsumer: class org.apache.jmeter.report.processor.graph.impl.BytesThroughputGraphConsumer#stopProducing(): bytesThroughputOverTime produced 0 samples
2026-03-16 17:32:01,994 INFO o.a.j.r.p.AbstractSampleConsumer: class org.apache.jmeter.report.processor.graph.impl.CodesPerSecondGraphConsumer#stopProducing(): codesPerSecond produced 0 samples
2026-03-16 17:32:02,241 INFO o.a.j.r.p.AbstractSampleConsumer: class org.apache.jmeter.report.processor.graph.impl.ResponseTimeVSRequestGraphConsumer#stopProducing(): responseTimeVsRequest produced 0 samples
2026-03-16 17:32:02,243 INFO o.a.j.r.p.AbstractSampleConsumer: class org.apache.jmeter.report.processor.FilterConsumer#stopProducing(): startIntervalControlerFilter produced 162470 samples
2026-03-16 17:32:02,243 INFO o.a.j.r.p.AbstractSampleConsumer: class org.apache.jmeter.report.processor.graph.impl.TotalTPSGraphConsumer#stopProducing(): totalTPS produced 0 samples
2026-03-16 17:32:02,243 INFO o.a.j.r.p.AbstractSampleConsumer: class org.apache.jmeter.report.processor.graph.impl.ActiveThreadsGraphConsumer#stopProducing(): activeThreadsOverTime produced 0 samples
2026-03-16 17:32:02,243 INFO o.a.j.r.p.AbstractSampleConsumer: class org.apache.jmeter.report.processor.graph.impl.TimeVSThreadGraphConsumer#stopProducing(): timeVsThreads produced 0 samples
2026-03-16 17:32:02,244 INFO o.a.j.r.p.AbstractSampleConsumer: class org.apache.jmeter.report.processor.graph.impl.ResponseTimeDistributionGraphConsumer#stopProducing(): responseTimeDistribution produced 0 samples
2026-03-16 17:32:02,244 INFO o.a.j.r.p.AbstractSampleConsumer: class org.apache.jmeter.report.processor.graph.impl.TransactionsPerSecondGraphConsumer#stopProducing(): transactionsPerSecond produced 0 samples
2026-03-16 17:32:02,244 INFO o.a.j.r.p.AbstractSampleConsumer: class org.apache.jmeter.report.processor.graph.impl.ResponseTimePercentilesGraphConsumer#stopProducing(): responseTimePercentiles produced 0 samples
2026-03-16 17:32:02,251 INFO o.a.j.r.p.AbstractSampleConsumer: class org.apache.jmeter.report.processor.graph.impl.ResponseTimePercentilesOverTimeGraphConsumer#stopProducing(): responseTimePercentilesOverTime produced 0 samples
2026-03-16 17:32:02,257 INFO o.a.j.r.p.AbstractSampleConsumer: class org.apache.jmeter.report.processor.graph.impl.ResponseTimeOverTimeGraphConsumer#stopProducing(): responseTimesOverTime produced 0 samples
2026-03-16 17:32:02,257 INFO o.a.j.r.p.AbstractSampleConsumer: class org.apache.jmeter.report.processor.graph.impl.ConnectTimeOverTimeGraphConsumer#stopProducing(): connectTimeOverTime produced 0 samples
2026-03-16 17:32:02,257 INFO o.a.j.r.p.AbstractSampleConsumer: class org.apache.jmeter.report.processor.graph.impl.LatencyOverTimeGraphConsumer#stopProducing(): latenciesOverTime produced 0 samples
2026-03-16 17:32:02,257 INFO o.a.j.r.p.AbstractSampleConsumer: class org.apache.jmeter.report.processor.FilterConsumer#stopProducing(): nameFilter produced 348150 samples
2026-03-16 17:32:02,257 INFO o.a.j.r.p.AbstractSampleConsumer: class org.apache.jmeter.report.processor.FilterConsumer#stopProducing(): dateRangeFilter produced 69630 samples
2026-03-16 17:32:02,257 INFO o.a.j.r.p.AbstractSampleConsumer: class org.apache.jmeter.report.processor.NormalizerSampleConsumer#stopProducing(): normalizer produced 23210 samples
2026-03-16 17:32:02,258 INFO o.a.j.r.p.CsvFileSampleSource: produce(): 23210 samples produced in 1s 936 ms on channel 0
2026-03-16 17:32:02,258 INFO o.a.j.r.d.ReportGenerator: Exporting data using exporter:'json' of className:'org.apache.jmeter.report.dashboard.JsonExporter'
2026-03-16 17:32:02,368 INFO o.a.j.r.d.JsonExporter: Found data for consumer statisticsSummary in context
2026-03-16 17:32:02,368 INFO o.a.j.r.d.JsonExporter: Creating statistics for overall
2026-03-16 17:32:02,369 INFO o.a.j.r.d.JsonExporter: Creating statistics for other transactions
2026-03-16 17:32:02,369 INFO o.a.j.r.d.JsonExporter: Checking output folder
2026-03-16 17:32:02,371 INFO o.a.j.r.d.JsonExporter: Writing statistics JSON to C:\Users\TobAdoba\Downloads\Demo_Blaze_Performance\reports\demoblaze_endurance\statistics.json
2026-03-16 17:32:02,453 INFO o.a.j.r.d.ReportGenerator: Exporting data using exporter:'html' of className:'org.apache.jmeter.report.dashboard.HtmlTemplateExporter'
2026-03-16 17:32:02,459 INFO o.a.j.r.d.HtmlTemplateExporter: Will generate dashboard in folder: C:\Users\TobAdoba\Downloads\Demo_Blaze_Performance\reports\demoblaze_endurance
2026-03-16 17:32:02,658 INFO o.a.j.r.d.HtmlTemplateExporter: Report will be generated in: C:\Users\TobAdoba\Downloads\Demo_Blaze_Performance\reports\demoblaze_endurance, creating folder structure
2026-03-16 17:32:02,661 INFO o.a.j.r.d.TemplateVisitor: Copying folder from 'C:\Program Files\apache-jmeter-5.6.3\bin\report-template' to 'C:\Users\TobAdoba\Downloads\Demo_Blaze_Performance\reports\demoblaze_endurance', got message: C:\Users\TobAdoba\Downloads\Demo_Blaze_Performance\reports\demoblaze_endurance, found non empty folder with following content [C:\Users\TobAdoba\Downloads\Demo_Blaze_Performance\reports\demoblaze_endurance\statistics.json], will be ignored
2026-03-16 17:32:03,505 INFO o.a.j.JMeter: Dashboard generated
